<?xml version="1.0" encoding="UTF-8"?>
<!-- Generated by org.testng.reporters.JUnitXMLReporter -->
<testsuite ignored="0" hostname="DESKTOP-S9NG9FH" failures="0" tests="3" name="AutomationTests" time="18.31" errors="0" timestamp="2026-03-09T12:03:17 IST">
  <testcase classname="tests.GUIElementsTest" name="testGUIElements" time="3.927"/>
  <testcase classname="tests.ParabankTest" name="testRegisterAndLogin" time="5.004"/>
  <testcase classname="tests.FlightBookingTest" name="testFlightBooking" time="4.195"/>
</testsuite> <!-- AutomationTests -->
