<?xml version="1.0" encoding="UTF-8"?>
<!-- Generated by org.testng.reporters.JUnitXMLReporter -->
<testsuite ignored="0" hostname="DESKTOP-S9NG9FH" failures="0" tests="3" name="AutomationTests" time="30.256" errors="0" timestamp="2026-03-09T11:07:05 IST">
  <testcase classname="tests.GUIElementsTest" name="testGUIElements" time="12.076"/>
  <testcase classname="tests.ParabankTest" name="testRegisterAndLogin" time="6.398"/>
  <testcase classname="tests.FlightBookingTest" name="testFlightBooking" time="4.819"/>
</testsuite> <!-- AutomationTests -->
