<?xml version="1.0" encoding="UTF-8"?>
<testng-results ignored="0" total="3" passed="3" failed="0" skipped="0">
  <reporter-output>
  </reporter-output>
  <suite started-at="2026-03-09T12:02:59 IST" name="MilestoneSuite" finished-at="2026-03-09T12:03:17 IST" duration-ms="18310">
    <groups>
    </groups>
    <test started-at="2026-03-09T12:02:59 IST" name="AutomationTests" finished-at="2026-03-09T12:03:17 IST" duration-ms="18310">
      <class name="tests.ParabankTest">
        <test-method is-config="true" signature="setup()[pri:0, instance:tests.ParabankTest@7a8c8dcf]" started-at="2026-03-09T12:03:06 IST" name="setup" finished-at="2026-03-09T12:03:07 IST" duration-ms="995" status="PASS">
          <reporter-output>
          </reporter-output>
        </test-method> <!-- setup -->
        <test-method signature="testRegisterAndLogin()[pri:0, instance:tests.ParabankTest@7a8c8dcf]" started-at="2026-03-09T12:03:07 IST" name="testRegisterAndLogin" finished-at="2026-03-09T12:03:12 IST" duration-ms="5004" status="PASS">
          <reporter-output>
          </reporter-output>
        </test-method> <!-- testRegisterAndLogin -->
        <test-method is-config="true" signature="teardown()[pri:0, instance:tests.ParabankTest@7a8c8dcf]" started-at="2026-03-09T12:03:12 IST" name="teardown" finished-at="2026-03-09T12:03:12 IST" duration-ms="286" status="PASS">
          <reporter-output>
          </reporter-output>
        </test-method> <!-- teardown -->
      </class> <!-- tests.ParabankTest -->
      <class name="tests.FlightBookingTest">
        <test-method is-config="true" signature="setup()[pri:0, instance:tests.FlightBookingTest@24269709]" started-at="2026-03-09T12:03:12 IST" name="setup" finished-at="2026-03-09T12:03:13 IST" duration-ms="997" status="PASS">
          <reporter-output>
          </reporter-output>
        </test-method> <!-- setup -->
        <test-method signature="testFlightBooking()[pri:0, instance:tests.FlightBookingTest@24269709]" started-at="2026-03-09T12:03:13 IST" name="testFlightBooking" finished-at="2026-03-09T12:03:17 IST" duration-ms="4195" status="PASS">
          <reporter-output>
          </reporter-output>
        </test-method> <!-- testFlightBooking -->
        <test-method is-config="true" signature="teardown()[pri:0, instance:tests.FlightBookingTest@24269709]" started-at="2026-03-09T12:03:17 IST" name="teardown" finished-at="2026-03-09T12:03:17 IST" duration-ms="245" status="PASS">
          <reporter-output>
          </reporter-output>
        </test-method> <!-- teardown -->
      </class> <!-- tests.FlightBookingTest -->
      <class name="tests.GUIElementsTest">
        <test-method is-config="true" signature="setup()[pri:0, instance:tests.GUIElementsTest@327514f]" started-at="2026-03-09T12:02:59 IST" name="setup" finished-at="2026-03-09T12:03:01 IST" duration-ms="2167" status="PASS">
          <reporter-output>
          </reporter-output>
        </test-method> <!-- setup -->
        <test-method signature="testGUIElements()[pri:0, instance:tests.GUIElementsTest@327514f]" started-at="2026-03-09T12:03:01 IST" name="testGUIElements" finished-at="2026-03-09T12:03:05 IST" duration-ms="3927" status="PASS">
          <reporter-output>
          </reporter-output>
        </test-method> <!-- testGUIElements -->
        <test-method is-config="true" signature="teardown()[pri:0, instance:tests.GUIElementsTest@327514f]" started-at="2026-03-09T12:03:05 IST" name="teardown" finished-at="2026-03-09T12:03:06 IST" duration-ms="426" status="PASS">
          <reporter-output>
          </reporter-output>
        </test-method> <!-- teardown -->
      </class> <!-- tests.GUIElementsTest -->
    </test> <!-- AutomationTests -->
  </suite> <!-- MilestoneSuite -->
</testng-results>
